<component name="libraryTable">
  <library name="junit-4.12">
    <ANNOTATIONS>
      <root url="file://C:/Soft" />
    </ANNOTATIONS>
    <CLASSES>
      <root url="jar://C:/Soft/junit-4.12.jar!/" />
    </CLASSES>
    <JAVADOC />
    <SOURCES />
  </library>
</component>